<?xml version="1.0" encoding="UTF-8"?>
<!-- Generated by org.testng.reporters.JUnitXMLReporter -->
<testsuite ignored="0" hostname="ASIA31064" failures="1" tests="2" name="OpenCartTest" time="18.274" errors="0" timestamp="2023-10-01T18:01:43 IST">
  <testcase classname="testCases.TC_001_AccountRegistrationTest" name="test_account_Registration" time="4.066"/>
  <testcase classname="testCases.TC_002_LoginTest" name="test_Login" time="1.431">
    <failure type="java.lang.AssertionError" message="expected [false] but found [true]">
      <![CDATA[java.lang.AssertionError: expected [false] but found [true]
at testCases.TC_002_LoginTest.test_Login(TC_002_LoginTest.java:34)
at java.base/java.util.ArrayList.forEach(ArrayList.java:1511)
... Removed 33 stack frames]]>
    </failure>
  </testcase> <!-- test_Login -->
</testsuite> <!-- OpenCartTest -->
